CRITICAL - 2023-10-04 07:00:06 --> Undefined variable $item
in APPPATH\Views\tags\product.php on line 7.
 1 APPPATH\Views\tags\product.php(7): CodeIgniter\Debug\Exceptions->errorHandler(2, 'Undefined variable $item', 'C:\\laragon\\www\\pet\\app\\Views\\tags\\product.php', 7)
 2 SYSTEMPATH\View\View.php(226): include('C:\\laragon\\www\\pet\\app\\Views\\tags\\product.php')
 3 SYSTEMPATH\View\View.php(229): CodeIgniter\View\View->CodeIgniter\View\{closure}()
 4 SYSTEMPATH\Common.php(1188): CodeIgniter\View\View->render('/tags/product', [], true)
 5 APPPATH\Views\index.php(4): view('/tags/product')
 6 SYSTEMPATH\View\View.php(226): include('C:\\laragon\\www\\pet\\app\\Views\\index.php')
 7 SYSTEMPATH\View\View.php(229): CodeIgniter\View\View->CodeIgniter\View\{closure}()
 8 SYSTEMPATH\Common.php(1188): CodeIgniter\View\View->render('index', [], true)
 9 APPPATH\Controllers\HomeController.php(28): view('index')
10 SYSTEMPATH\CodeIgniter.php(919): App\Controllers\HomeController->index()
11 SYSTEMPATH\CodeIgniter.php(494): CodeIgniter\CodeIgniter->runController(Object(App\Controllers\HomeController))
12 SYSTEMPATH\CodeIgniter.php(353): CodeIgniter\CodeIgniter->handleRequest(null, Object(Config\Cache), false)
13 FCPATH\index.php(79): CodeIgniter\CodeIgniter->run()
14 SYSTEMPATH\Commands\Server\rewrite.php(47): require_once('C:\\laragon\\www\\pet\\public\\index.php')
CRITICAL - 2023-10-04 07:00:22 --> Undefined variable $item
in APPPATH\Views\tags\product.php on line 7.
 1 APPPATH\Views\tags\product.php(7): CodeIgniter\Debug\Exceptions->errorHandler(2, 'Undefined variable $item', 'C:\\laragon\\www\\pet\\app\\Views\\tags\\product.php', 7)
 2 SYSTEMPATH\View\View.php(226): include('C:\\laragon\\www\\pet\\app\\Views\\tags\\product.php')
 3 SYSTEMPATH\View\View.php(229): CodeIgniter\View\View->CodeIgniter\View\{closure}()
 4 SYSTEMPATH\Common.php(1188): CodeIgniter\View\View->render('/tags/product', [], true)
 5 APPPATH\Views\index.php(4): view('/tags/product')
 6 SYSTEMPATH\View\View.php(226): include('C:\\laragon\\www\\pet\\app\\Views\\index.php')
 7 SYSTEMPATH\View\View.php(229): CodeIgniter\View\View->CodeIgniter\View\{closure}()
 8 SYSTEMPATH\Common.php(1188): CodeIgniter\View\View->render('index', [], true)
 9 APPPATH\Controllers\HomeController.php(28): view('index')
10 SYSTEMPATH\CodeIgniter.php(919): App\Controllers\HomeController->index()
11 SYSTEMPATH\CodeIgniter.php(494): CodeIgniter\CodeIgniter->runController(Object(App\Controllers\HomeController))
12 SYSTEMPATH\CodeIgniter.php(353): CodeIgniter\CodeIgniter->handleRequest(null, Object(Config\Cache), false)
13 FCPATH\index.php(79): CodeIgniter\CodeIgniter->run()
14 SYSTEMPATH\Commands\Server\rewrite.php(47): require_once('C:\\laragon\\www\\pet\\public\\index.php')
CRITICAL - 2023-10-04 07:01:03 --> Undefined variable $item
in APPPATH\Views\tags\product.php on line 7.
 1 APPPATH\Views\tags\product.php(7): CodeIgniter\Debug\Exceptions->errorHandler(2, 'Undefined variable $item', 'C:\\laragon\\www\\pet\\app\\Views\\tags\\product.php', 7)
 2 SYSTEMPATH\View\View.php(226): include('C:\\laragon\\www\\pet\\app\\Views\\tags\\product.php')
 3 SYSTEMPATH\View\View.php(229): CodeIgniter\View\View->CodeIgniter\View\{closure}()
 4 SYSTEMPATH\Common.php(1188): CodeIgniter\View\View->render('/tags/product', [], true)
 5 APPPATH\Views\index.php(4): view('/tags/product')
 6 SYSTEMPATH\View\View.php(226): include('C:\\laragon\\www\\pet\\app\\Views\\index.php')
 7 SYSTEMPATH\View\View.php(229): CodeIgniter\View\View->CodeIgniter\View\{closure}()
 8 SYSTEMPATH\Common.php(1188): CodeIgniter\View\View->render('index', [], true)
 9 APPPATH\Controllers\HomeController.php(28): view('index')
10 SYSTEMPATH\CodeIgniter.php(919): App\Controllers\HomeController->index()
11 SYSTEMPATH\CodeIgniter.php(494): CodeIgniter\CodeIgniter->runController(Object(App\Controllers\HomeController))
12 SYSTEMPATH\CodeIgniter.php(353): CodeIgniter\CodeIgniter->handleRequest(null, Object(Config\Cache), false)
13 FCPATH\index.php(79): CodeIgniter\CodeIgniter->run()
14 SYSTEMPATH\Commands\Server\rewrite.php(47): require_once('C:\\laragon\\www\\pet\\public\\index.php')
CRITICAL - 2023-10-04 07:01:06 --> Undefined variable $item
in APPPATH\Views\tags\product.php on line 7.
 1 APPPATH\Views\tags\product.php(7): CodeIgniter\Debug\Exceptions->errorHandler(2, 'Undefined variable $item', 'C:\\laragon\\www\\pet\\app\\Views\\tags\\product.php', 7)
 2 SYSTEMPATH\View\View.php(226): include('C:\\laragon\\www\\pet\\app\\Views\\tags\\product.php')
 3 SYSTEMPATH\View\View.php(229): CodeIgniter\View\View->CodeIgniter\View\{closure}()
 4 SYSTEMPATH\Common.php(1188): CodeIgniter\View\View->render('/tags/product', [], true)
 5 APPPATH\Views\index.php(4): view('/tags/product')
 6 SYSTEMPATH\View\View.php(226): include('C:\\laragon\\www\\pet\\app\\Views\\index.php')
 7 SYSTEMPATH\View\View.php(229): CodeIgniter\View\View->CodeIgniter\View\{closure}()
 8 SYSTEMPATH\Common.php(1188): CodeIgniter\View\View->render('index', [], true)
 9 APPPATH\Controllers\HomeController.php(28): view('index')
10 SYSTEMPATH\CodeIgniter.php(919): App\Controllers\HomeController->index()
11 SYSTEMPATH\CodeIgniter.php(494): CodeIgniter\CodeIgniter->runController(Object(App\Controllers\HomeController))
12 SYSTEMPATH\CodeIgniter.php(353): CodeIgniter\CodeIgniter->handleRequest(null, Object(Config\Cache), false)
13 FCPATH\index.php(79): CodeIgniter\CodeIgniter->run()
14 SYSTEMPATH\Commands\Server\rewrite.php(47): require_once('C:\\laragon\\www\\pet\\public\\index.php')
CRITICAL - 2023-10-04 07:01:06 --> Undefined variable $item
in APPPATH\Views\tags\product.php on line 7.
 1 APPPATH\Views\tags\product.php(7): CodeIgniter\Debug\Exceptions->errorHandler(2, 'Undefined variable $item', 'C:\\laragon\\www\\pet\\app\\Views\\tags\\product.php', 7)
 2 SYSTEMPATH\View\View.php(226): include('C:\\laragon\\www\\pet\\app\\Views\\tags\\product.php')
 3 SYSTEMPATH\View\View.php(229): CodeIgniter\View\View->CodeIgniter\View\{closure}()
 4 SYSTEMPATH\Common.php(1188): CodeIgniter\View\View->render('/tags/product', [], true)
 5 APPPATH\Views\index.php(4): view('/tags/product')
 6 SYSTEMPATH\View\View.php(226): include('C:\\laragon\\www\\pet\\app\\Views\\index.php')
 7 SYSTEMPATH\View\View.php(229): CodeIgniter\View\View->CodeIgniter\View\{closure}()
 8 SYSTEMPATH\Common.php(1188): CodeIgniter\View\View->render('index', [], true)
 9 APPPATH\Controllers\HomeController.php(28): view('index')
10 SYSTEMPATH\CodeIgniter.php(919): App\Controllers\HomeController->index()
11 SYSTEMPATH\CodeIgniter.php(494): CodeIgniter\CodeIgniter->runController(Object(App\Controllers\HomeController))
12 SYSTEMPATH\CodeIgniter.php(353): CodeIgniter\CodeIgniter->handleRequest(null, Object(Config\Cache), false)
13 FCPATH\index.php(79): CodeIgniter\CodeIgniter->run()
14 SYSTEMPATH\Commands\Server\rewrite.php(47): require_once('C:\\laragon\\www\\pet\\public\\index.php')
CRITICAL - 2023-10-04 07:01:06 --> Undefined variable $item
in APPPATH\Views\tags\product.php on line 7.
 1 APPPATH\Views\tags\product.php(7): CodeIgniter\Debug\Exceptions->errorHandler(2, 'Undefined variable $item', 'C:\\laragon\\www\\pet\\app\\Views\\tags\\product.php', 7)
 2 SYSTEMPATH\View\View.php(226): include('C:\\laragon\\www\\pet\\app\\Views\\tags\\product.php')
 3 SYSTEMPATH\View\View.php(229): CodeIgniter\View\View->CodeIgniter\View\{closure}()
 4 SYSTEMPATH\Common.php(1188): CodeIgniter\View\View->render('/tags/product', [], true)
 5 APPPATH\Views\index.php(4): view('/tags/product')
 6 SYSTEMPATH\View\View.php(226): include('C:\\laragon\\www\\pet\\app\\Views\\index.php')
 7 SYSTEMPATH\View\View.php(229): CodeIgniter\View\View->CodeIgniter\View\{closure}()
 8 SYSTEMPATH\Common.php(1188): CodeIgniter\View\View->render('index', [], true)
 9 APPPATH\Controllers\HomeController.php(28): view('index')
10 SYSTEMPATH\CodeIgniter.php(919): App\Controllers\HomeController->index()
11 SYSTEMPATH\CodeIgniter.php(494): CodeIgniter\CodeIgniter->runController(Object(App\Controllers\HomeController))
12 SYSTEMPATH\CodeIgniter.php(353): CodeIgniter\CodeIgniter->handleRequest(null, Object(Config\Cache), false)
13 FCPATH\index.php(79): CodeIgniter\CodeIgniter->run()
14 SYSTEMPATH\Commands\Server\rewrite.php(47): require_once('C:\\laragon\\www\\pet\\public\\index.php')
CRITICAL - 2023-10-04 07:01:06 --> Undefined variable $item
in APPPATH\Views\tags\product.php on line 7.
 1 APPPATH\Views\tags\product.php(7): CodeIgniter\Debug\Exceptions->errorHandler(2, 'Undefined variable $item', 'C:\\laragon\\www\\pet\\app\\Views\\tags\\product.php', 7)
 2 SYSTEMPATH\View\View.php(226): include('C:\\laragon\\www\\pet\\app\\Views\\tags\\product.php')
 3 SYSTEMPATH\View\View.php(229): CodeIgniter\View\View->CodeIgniter\View\{closure}()
 4 SYSTEMPATH\Common.php(1188): CodeIgniter\View\View->render('/tags/product', [], true)
 5 APPPATH\Views\index.php(4): view('/tags/product')
 6 SYSTEMPATH\View\View.php(226): include('C:\\laragon\\www\\pet\\app\\Views\\index.php')
 7 SYSTEMPATH\View\View.php(229): CodeIgniter\View\View->CodeIgniter\View\{closure}()
 8 SYSTEMPATH\Common.php(1188): CodeIgniter\View\View->render('index', [], true)
 9 APPPATH\Controllers\HomeController.php(28): view('index')
10 SYSTEMPATH\CodeIgniter.php(919): App\Controllers\HomeController->index()
11 SYSTEMPATH\CodeIgniter.php(494): CodeIgniter\CodeIgniter->runController(Object(App\Controllers\HomeController))
12 SYSTEMPATH\CodeIgniter.php(353): CodeIgniter\CodeIgniter->handleRequest(null, Object(Config\Cache), false)
13 FCPATH\index.php(79): CodeIgniter\CodeIgniter->run()
14 SYSTEMPATH\Commands\Server\rewrite.php(47): require_once('C:\\laragon\\www\\pet\\public\\index.php')
CRITICAL - 2023-10-04 07:02:17 --> Undefined variable $item
in APPPATH\Views\tags\product.php on line 7.
 1 APPPATH\Views\tags\product.php(7): CodeIgniter\Debug\Exceptions->errorHandler(2, 'Undefined variable $item', 'C:\\laragon\\www\\pet\\app\\Views\\tags\\product.php', 7)
 2 SYSTEMPATH\View\View.php(226): include('C:\\laragon\\www\\pet\\app\\Views\\tags\\product.php')
 3 SYSTEMPATH\View\View.php(229): CodeIgniter\View\View->CodeIgniter\View\{closure}()
 4 SYSTEMPATH\Common.php(1188): CodeIgniter\View\View->render('/tags/product', [], true)
 5 APPPATH\Views\index.php(4): view('/tags/product')
 6 SYSTEMPATH\View\View.php(226): include('C:\\laragon\\www\\pet\\app\\Views\\index.php')
 7 SYSTEMPATH\View\View.php(229): CodeIgniter\View\View->CodeIgniter\View\{closure}()
 8 SYSTEMPATH\Common.php(1188): CodeIgniter\View\View->render('index', [], true)
 9 APPPATH\Controllers\HomeController.php(31): view('index', [...])
10 SYSTEMPATH\CodeIgniter.php(919): App\Controllers\HomeController->index()
11 SYSTEMPATH\CodeIgniter.php(494): CodeIgniter\CodeIgniter->runController(Object(App\Controllers\HomeController))
12 SYSTEMPATH\CodeIgniter.php(353): CodeIgniter\CodeIgniter->handleRequest(null, Object(Config\Cache), false)
13 FCPATH\index.php(79): CodeIgniter\CodeIgniter->run()
14 SYSTEMPATH\Commands\Server\rewrite.php(47): require_once('C:\\laragon\\www\\pet\\public\\index.php')
CRITICAL - 2023-10-04 07:04:46 --> Undefined array key "name"
in APPPATH\Views\tags\product.php on line 7.
 1 APPPATH\Views\tags\product.php(7): CodeIgniter\Debug\Exceptions->errorHandler(2, 'Undefined array key "name"', 'C:\\laragon\\www\\pet\\app\\Views\\tags\\product.php', 7)
 2 SYSTEMPATH\View\View.php(226): include('C:\\laragon\\www\\pet\\app\\Views\\tags\\product.php')
 3 SYSTEMPATH\View\View.php(229): CodeIgniter\View\View->CodeIgniter\View\{closure}()
 4 SYSTEMPATH\Common.php(1188): CodeIgniter\View\View->render('/tags/product', [], true)
 5 APPPATH\Views\index.php(4): view('/tags/product')
 6 SYSTEMPATH\View\View.php(226): include('C:\\laragon\\www\\pet\\app\\Views\\index.php')
 7 SYSTEMPATH\View\View.php(229): CodeIgniter\View\View->CodeIgniter\View\{closure}()
 8 SYSTEMPATH\Common.php(1188): CodeIgniter\View\View->render('index', [], true)
 9 APPPATH\Controllers\HomeController.php(31): view('index', [...])
10 SYSTEMPATH\CodeIgniter.php(919): App\Controllers\HomeController->index()
11 SYSTEMPATH\CodeIgniter.php(494): CodeIgniter\CodeIgniter->runController(Object(App\Controllers\HomeController))
12 SYSTEMPATH\CodeIgniter.php(353): CodeIgniter\CodeIgniter->handleRequest(null, Object(Config\Cache), false)
13 FCPATH\index.php(79): CodeIgniter\CodeIgniter->run()
14 SYSTEMPATH\Commands\Server\rewrite.php(47): require_once('C:\\laragon\\www\\pet\\public\\index.php')
CRITICAL - 2023-10-04 07:06:39 --> Invalid file: "productDetails.php"
in SYSTEMPATH\Exceptions\FrameworkException.php on line 39.
 1 SYSTEMPATH\View\View.php(214): CodeIgniter\Exceptions\FrameworkException::forInvalidFile('productDetails.php')
 2 SYSTEMPATH\Common.php(1188): CodeIgniter\View\View->render('productDetails', [], true)
 3 APPPATH\Controllers\HomeController.php(21): view('productDetails', [...])
 4 SYSTEMPATH\CodeIgniter.php(919): App\Controllers\HomeController->productDetails('1')
 5 SYSTEMPATH\CodeIgniter.php(494): CodeIgniter\CodeIgniter->runController(Object(App\Controllers\HomeController))
 6 SYSTEMPATH\CodeIgniter.php(353): CodeIgniter\CodeIgniter->handleRequest(null, Object(Config\Cache), false)
 7 FCPATH\index.php(79): CodeIgniter\CodeIgniter->run()
 8 SYSTEMPATH\Commands\Server\rewrite.php(47): require_once('C:\\laragon\\www\\pet\\public\\index.php')
CRITICAL - 2023-10-04 07:14:44 --> Invalid file: "productDetails.php"
in SYSTEMPATH\Exceptions\FrameworkException.php on line 39.
 1 SYSTEMPATH\View\View.php(214): CodeIgniter\Exceptions\FrameworkException::forInvalidFile('productDetails.php')
 2 SYSTEMPATH\Common.php(1188): CodeIgniter\View\View->render('productDetails', [], true)
 3 APPPATH\Controllers\HomeController.php(21): view('productDetails', [...])
 4 SYSTEMPATH\CodeIgniter.php(919): App\Controllers\HomeController->productDetails('1')
 5 SYSTEMPATH\CodeIgniter.php(494): CodeIgniter\CodeIgniter->runController(Object(App\Controllers\HomeController))
 6 SYSTEMPATH\CodeIgniter.php(353): CodeIgniter\CodeIgniter->handleRequest(null, Object(Config\Cache), false)
 7 FCPATH\index.php(79): CodeIgniter\CodeIgniter->run()
 8 SYSTEMPATH\Commands\Server\rewrite.php(47): require_once('C:\\laragon\\www\\pet\\public\\index.php')
CRITICAL - 2023-10-04 12:25:32 --> Invalid file: "/admin/top.php"
in SYSTEMPATH\Exceptions\FrameworkException.php on line 39.
 1 SYSTEMPATH\View\View.php(214): CodeIgniter\Exceptions\FrameworkException::forInvalidFile('/admin/top.php')
 2 SYSTEMPATH\Common.php(1188): CodeIgniter\View\View->render('/admin/top', [], true)
 3 APPPATH\Views\admin.php(266): view('/admin/top')
 4 SYSTEMPATH\View\View.php(226): include('C:\\laragon\\www\\pet\\app\\Views\\admin.php')
 5 SYSTEMPATH\View\View.php(229): CodeIgniter\View\View->CodeIgniter\View\{closure}()
 6 SYSTEMPATH\Common.php(1188): CodeIgniter\View\View->render('admin', [], true)
 7 APPPATH\Controllers\SAController.php(75): view('admin', [...])
 8 SYSTEMPATH\CodeIgniter.php(919): App\Controllers\SAController->admin()
 9 SYSTEMPATH\CodeIgniter.php(494): CodeIgniter\CodeIgniter->runController(Object(App\Controllers\SAController))
10 SYSTEMPATH\CodeIgniter.php(353): CodeIgniter\CodeIgniter->handleRequest(null, Object(Config\Cache), false)
11 FCPATH\index.php(79): CodeIgniter\CodeIgniter->run()
12 SYSTEMPATH\Commands\Server\rewrite.php(47): require_once('C:\\laragon\\www\\pet\\public\\index.php')
CRITICAL - 2023-10-04 12:34:21 --> Invalid file: ".php"
in SYSTEMPATH\Exceptions\FrameworkException.php on line 39.
 1 SYSTEMPATH\View\View.php(214): CodeIgniter\Exceptions\FrameworkException::forInvalidFile('.php')
 2 SYSTEMPATH\Common.php(1188): CodeIgniter\View\View->render('', [], true)
 3 APPPATH\Controllers\HomeController.php(33): view('')
 4 SYSTEMPATH\CodeIgniter.php(919): App\Controllers\HomeController->about()
 5 SYSTEMPATH\CodeIgniter.php(494): CodeIgniter\CodeIgniter->runController(Object(App\Controllers\HomeController))
 6 SYSTEMPATH\CodeIgniter.php(353): CodeIgniter\CodeIgniter->handleRequest(null, Object(Config\Cache), false)
 7 FCPATH\index.php(79): CodeIgniter\CodeIgniter->run()
 8 SYSTEMPATH\Commands\Server\rewrite.php(47): require_once('C:\\laragon\\www\\pet\\public\\index.php')
CRITICAL - 2023-10-04 12:34:26 --> Invalid file: ".php"
in SYSTEMPATH\Exceptions\FrameworkException.php on line 39.
 1 SYSTEMPATH\View\View.php(214): CodeIgniter\Exceptions\FrameworkException::forInvalidFile('.php')
 2 SYSTEMPATH\Common.php(1188): CodeIgniter\View\View->render('', [], true)
 3 APPPATH\Controllers\HomeController.php(28): view('')
 4 SYSTEMPATH\CodeIgniter.php(919): App\Controllers\HomeController->contact()
 5 SYSTEMPATH\CodeIgniter.php(494): CodeIgniter\CodeIgniter->runController(Object(App\Controllers\HomeController))
 6 SYSTEMPATH\CodeIgniter.php(353): CodeIgniter\CodeIgniter->handleRequest(null, Object(Config\Cache), false)
 7 FCPATH\index.php(79): CodeIgniter\CodeIgniter->run()
 8 SYSTEMPATH\Commands\Server\rewrite.php(47): require_once('C:\\laragon\\www\\pet\\public\\index.php')
CRITICAL - 2023-10-04 12:37:30 --> Invalid file: ".php"
in SYSTEMPATH\Exceptions\FrameworkException.php on line 39.
 1 SYSTEMPATH\View\View.php(214): CodeIgniter\Exceptions\FrameworkException::forInvalidFile('.php')
 2 SYSTEMPATH\Common.php(1188): CodeIgniter\View\View->render('', [], true)
 3 APPPATH\Controllers\HomeController.php(33): view('')
 4 SYSTEMPATH\CodeIgniter.php(919): App\Controllers\HomeController->about()
 5 SYSTEMPATH\CodeIgniter.php(494): CodeIgniter\CodeIgniter->runController(Object(App\Controllers\HomeController))
 6 SYSTEMPATH\CodeIgniter.php(353): CodeIgniter\CodeIgniter->handleRequest(null, Object(Config\Cache), false)
 7 FCPATH\index.php(79): CodeIgniter\CodeIgniter->run()
 8 SYSTEMPATH\Commands\Server\rewrite.php(47): require_once('C:\\laragon\\www\\pet\\public\\index.php')
